<?xml version="1.0" encoding="UTF-8"?>
<!-- Generated by org.testng.reporters.JUnitReportReporter -->
<testsuite skipped="0" hostname="DESKTOP-G46L397" name="scripts.TestScript" tests="3" failures="0" timestamp="21 Jan 2021 14:35:42 GMT" time="0.032" errors="0">
  <testcase name="two" time="0.000" classname="scripts.TestScript"/>
  <testcase name="one" time="0.032" classname="scripts.TestScript"/>
  <testcase name="three" time="0.000" classname="scripts.TestScript"/>
</testsuite> <!-- scripts.TestScript -->
