<?xml version="1.0" encoding="UTF-8"?>
<!-- Generated by org.testng.reporters.JUnitReportReporter -->
<testsuite skipped="0" hostname="DESKTOP-G46L397" name="scripts.SecondScript" tests="1" failures="0" timestamp="22 Jan 2021 13:05:16 GMT" time="0.016" errors="0">
  <testcase name="hello" time="0.016" classname="scripts.SecondScript"/>
</testsuite> <!-- scripts.SecondScript -->
